2022-09-23 16:49:20.3450 INFO Program is started.
2022-09-23 16:49:21.8510 INFO Id процесса: 14
2022-09-23 16:49:21.8669 INFO Id процесса: 18
2022-09-23 16:49:21.8669 INFO Id процесса: 9
2022-09-23 16:49:21.8669 INFO Id процесса: 16
2022-09-23 16:49:21.8799 INFO Id процесса: 11
2022-09-23 16:49:21.8799 INFO Id процесса: 10
2022-09-23 16:49:21.8940 INFO Id процесса: 8
2022-09-23 16:49:21.8940 INFO Id процесса: 8
2022-09-23 16:49:21.8940 INFO Id процесса: 12
2022-09-23 16:49:21.8940 INFO Потоки завершили работу
2022-09-23 16:49:26.1347 INFO Program is started.
2022-09-23 16:49:27.5426 INFO Id процесса: 15
2022-09-23 16:49:27.5526 INFO Id процесса: 18
2022-09-23 16:49:27.5526 INFO Id процесса: 16
2022-09-23 16:49:27.5526 INFO Id процесса: 17
2022-09-23 16:49:27.5526 INFO Id процесса: 16
2022-09-23 16:49:27.5526 INFO Id процесса: 4
2022-09-23 16:49:27.5526 INFO Id процесса: 5
2022-09-23 16:49:27.5526 INFO Id процесса: 12
2022-09-23 16:49:27.5526 INFO Id процесса: 10
2022-09-23 16:49:27.5526 INFO Id процесса: 5
2022-09-23 16:49:27.5526 INFO Потоки завершили работу
2022-09-23 16:49:31.3888 INFO Program is started.
2022-09-23 16:49:32.7309 INFO Id процесса: 10
2022-09-23 16:49:32.7309 INFO Id процесса: 4
2022-09-23 16:49:32.7309 INFO Id процесса: 14
2022-09-23 16:49:32.7359 INFO Id процесса: 10
2022-09-23 16:49:32.7359 INFO Id процесса: 7
2022-09-23 16:49:32.7359 INFO Id процесса: 11
2022-09-23 16:49:32.7359 INFO Id процесса: 14
2022-09-23 16:49:32.7359 INFO Id процесса: 7
2022-09-23 16:49:32.7508 INFO Id процесса: 14
2022-09-23 16:49:32.7508 INFO Потоки завершили работу
2022-09-23 16:49:36.6114 INFO Program is started.
2022-09-23 16:49:37.5848 INFO Id процесса: 10
2022-09-23 16:49:37.5848 INFO Id процесса: 4
2022-09-23 16:49:37.5848 INFO Id процесса: 5
2022-09-23 16:49:37.5848 INFO Id процесса: 9
2022-09-23 16:49:37.5848 INFO Id процесса: 11
2022-09-23 16:49:37.6028 INFO Id процесса: 10
2022-09-23 16:49:37.6158 INFO Id процесса: 7
2022-09-23 16:49:37.6158 INFO Id процесса: 8
2022-09-23 16:49:37.6158 INFO Потоки завершили работу
2022-09-23 16:49:42.3460 INFO Program is started.
2022-09-23 16:49:43.4262 INFO Id процесса: 6
2022-09-23 16:49:43.4262 INFO Id процесса: 7
2022-09-23 16:49:43.4262 INFO Id процесса: 5
2022-09-23 16:49:43.4262 INFO Id процесса: 8
2022-09-23 16:49:43.4262 INFO Id процесса: 4
2022-09-23 16:49:43.4262 INFO Id процесса: 13
2022-09-23 16:49:43.4422 INFO Id процесса: 8
2022-09-23 16:49:43.4422 INFO Id процесса: 4
2022-09-23 16:49:43.4552 INFO Id процесса: 13
2022-09-23 16:49:43.4552 INFO Id процесса: 12
2022-09-23 16:49:43.4552 INFO Потоки завершили работу
2022-09-23 16:49:46.9432 INFO Program is started.
2022-09-23 16:49:48.0533 INFO Id процесса: 11
2022-09-23 16:49:48.0692 INFO Id процесса: 15
2022-09-23 16:49:48.0692 INFO Id процесса: 4
2022-09-23 16:49:48.0692 INFO Id процесса: 5
2022-09-23 16:49:48.0692 INFO Id процесса: 9
2022-09-23 16:49:48.0692 INFO Id процесса: 13
2022-09-23 16:49:48.0692 INFO Id процесса: 12
2022-09-23 16:49:48.0692 INFO Id процесса: 8
2022-09-23 16:49:48.0692 INFO Id процесса: 12
2022-09-23 16:49:48.0692 INFO Id процесса: 8
2022-09-23 16:49:48.0692 INFO Id процесса: 12
2022-09-23 16:49:48.0792 INFO Потоки завершили работу
2022-09-23 16:49:52.5241 INFO Program is started.
2022-09-23 16:49:57.8252 INFO Program is started.
2022-09-23 16:49:58.6840 INFO Id процесса: 7
2022-09-23 16:49:58.6880 INFO Id процесса: 6
2022-09-23 16:49:58.6880 INFO Id процесса: 9
2022-09-23 16:49:58.6880 INFO Id процесса: 8
2022-09-23 16:49:58.6880 INFO Id процесса: 10
2022-09-23 16:49:58.6880 INFO Id процесса: 11
2022-09-23 16:49:58.6880 INFO Id процесса: 4
2022-09-23 16:49:58.6880 INFO Id процесса: 12
2022-09-23 16:49:58.7040 INFO Id процесса: 8
2022-09-23 16:49:58.7040 INFO Потоки завершили работу
2022-09-23 17:11:56.3032 INFO Program is started.
2022-09-23 17:11:57.3599 ERROR Введено не число
2022-09-23 17:11:59.6231 INFO Program is started.
2022-09-23 17:12:01.3723 ERROR Введите положительное число
2022-09-23 17:12:04.1798 INFO Program is started.
2022-09-23 17:12:05.3960 ERROR Введено не число
2022-09-23 17:12:07.9423 INFO Program is started.
2022-09-23 17:12:10.1708 INFO Id процесса: 7
2022-09-23 17:12:10.1738 INFO Id процесса: 10
2022-09-23 17:12:10.1738 INFO Id процесса: 9
2022-09-23 17:12:10.1738 INFO Id процесса: 8
2022-09-23 17:12:10.1738 INFO Id процесса: 7
2022-09-23 17:12:10.1738 INFO Id процесса: 5
2022-09-23 17:12:10.1738 INFO Id процесса: 10
2022-09-23 17:12:10.1738 INFO Id процесса: 12
2022-09-23 17:12:10.1738 INFO Id процесса: 11
2022-09-23 17:12:10.1738 INFO Потоки завершили работу
2022-09-23 17:17:31.7601 INFO Program is started.
2022-09-23 17:17:33.3054 INFO Id процесса: 5
2022-09-23 17:17:33.3054 INFO Id процесса: 6
2022-09-23 17:17:33.3054 INFO Id процесса: 7
2022-09-23 17:17:33.3054 INFO Id процесса: 8
2022-09-23 17:17:33.3054 INFO Id процесса: 7
2022-09-23 17:17:33.3054 INFO Id процесса: 4
2022-09-23 17:17:33.3054 INFO Id процесса: 7
2022-09-23 17:17:33.3054 INFO Id процесса: 4
2022-09-23 17:17:33.3054 INFO Id процесса: 7
2022-09-23 17:17:33.3054 INFO Потоки завершили работу
2022-09-23 18:18:13.6853 INFO Program is started.
2022-09-23 18:18:15.8622 INFO Id процесса: 9
2022-09-23 18:18:15.8622 INFO Id процесса: 6
2022-09-23 18:18:15.8622 INFO Id процесса: 4
2022-09-23 18:18:15.8622 INFO Id процесса: 9
2022-09-23 18:18:15.8622 INFO Id процесса: 4
2022-09-23 18:18:15.8622 INFO Id процесса: 9
2022-09-23 18:18:15.8622 INFO Id процесса: 5
2022-09-23 18:18:15.8622 INFO Id процесса: 4
2022-09-23 18:18:15.8622 INFO Id процесса: 8
2022-09-23 18:21:57.2577 INFO Program is started.
2022-09-23 18:21:58.2607 INFO Id процесса: 7
2022-09-23 18:21:58.2607 INFO Id процесса: 5
2022-09-23 18:21:58.2607 INFO Id процесса: 7
2022-09-23 18:21:58.2607 INFO Id процесса: 5
2022-09-23 18:21:58.2607 INFO Id процесса: 6
2022-09-23 18:21:58.2607 INFO Id процесса: 7
2022-09-23 18:21:58.2607 INFO Id процесса: 6
2022-09-23 18:21:58.2607 INFO Id процесса: 7
2022-09-23 18:21:58.2607 INFO Id процесса: 6
2022-09-23 18:21:58.2607 INFO Потоки завершили работу
2022-09-23 18:22:00.8170 INFO Program is started.
2022-09-23 18:22:01.8871 INFO Id процесса: 4
2022-09-23 18:22:01.8871 INFO Id процесса: 13
2022-09-23 18:22:01.8871 INFO Id процесса: 10
2022-09-23 18:22:01.8871 INFO Id процесса: 7
2022-09-23 18:22:01.8924 INFO Id процесса: 9
2022-09-23 18:22:01.8924 INFO Id процесса: 13
2022-09-23 18:22:01.8924 INFO Id процесса: 11
2022-09-23 18:22:01.8924 INFO Id процесса: 8
2022-09-23 18:22:01.8924 INFO Id процесса: 12
2022-09-23 18:22:01.8924 INFO Потоки завершили работу
2022-09-23 18:22:04.2375 INFO Program is started.
2022-09-23 18:22:05.8495 INFO Id процесса: 20
2022-09-23 18:22:05.8495 INFO Id процесса: 8
2022-09-23 18:22:05.8495 INFO Id процесса: 23
2022-09-23 18:22:05.8495 INFO Id процесса: 6
2022-09-23 18:22:05.8630 INFO Id процесса: 14
2022-09-23 18:22:05.8630 INFO Id процесса: 11
2022-09-23 18:22:05.8630 INFO Id процесса: 11
2022-09-23 18:22:05.8630 INFO Id процесса: 11
2022-09-23 18:22:05.8630 INFO Потоки завершили работу
2022-09-23 18:22:05.8630 INFO Id процесса: 7
2022-09-23 18:22:09.6017 INFO Program is started.
2022-09-23 18:22:10.7876 INFO Id процесса: 5
2022-09-23 18:22:10.7876 INFO Id процесса: 4
2022-09-23 18:22:10.7876 INFO Id процесса: 8
2022-09-23 18:22:10.7876 INFO Id процесса: 4
2022-09-23 18:22:10.7876 INFO Id процесса: 8
2022-09-23 18:22:10.7876 INFO Id процесса: 8
2022-09-23 18:22:10.7876 INFO Id процесса: 7
2022-09-23 18:22:10.7876 INFO Id процесса: 5
2022-09-23 18:22:10.7876 INFO Id процесса: 8
2022-09-23 18:22:10.7876 INFO Потоки завершили работу
2022-09-23 18:22:14.8116 INFO Program is started.
2022-09-23 18:22:15.8376 INFO Id процесса: 15
2022-09-23 18:22:15.8376 INFO Id процесса: 8
2022-09-23 18:22:15.8376 INFO Id процесса: 9
2022-09-23 18:22:15.8376 INFO Id процесса: 5
2022-09-23 18:22:15.8455 INFO Id процесса: 13
2022-09-23 18:22:15.8455 INFO Id процесса: 8
2022-09-23 18:22:15.8455 INFO Id процесса: 9
2022-09-23 18:22:15.8455 INFO Id процесса: 4
2022-09-23 18:22:15.8455 INFO Id процесса: 12
2022-09-23 18:22:15.8455 INFO Потоки завершили работу
2022-09-23 18:22:19.6828 INFO Program is started.
2022-09-23 18:22:22.6066 INFO Id процесса: 9
2022-09-23 18:22:22.6066 INFO Id процесса: 8
2022-09-23 18:22:22.6066 INFO Id процесса: 6
2022-09-23 18:22:22.6066 INFO Id процесса: 8
2022-09-23 18:22:22.6066 INFO Id процесса: 5
2022-09-23 18:22:22.6066 INFO Id процесса: 6
2022-09-23 18:22:22.6066 INFO Id процесса: 8
2022-09-23 18:22:22.6066 INFO Id процесса: 7
2022-09-23 18:22:22.6066 INFO Id процесса: 9
2022-09-23 18:22:22.6066 INFO Потоки завершили работу
2022-09-23 18:22:25.5276 INFO Program is started.
2022-09-23 18:22:26.9806 INFO Id процесса: 8
2022-09-23 18:22:26.9806 INFO Id процесса: 11
2022-09-23 18:22:26.9806 INFO Id процесса: 5
2022-09-23 18:22:26.9806 INFO Id процесса: 11
2022-09-23 18:22:26.9806 INFO Id процесса: 12
2022-09-23 18:22:26.9806 INFO Id процесса: 6
2022-09-23 18:22:26.9846 INFO Id процесса: 11
2022-09-23 18:22:26.9846 INFO Id процесса: 9
2022-09-23 18:22:26.9846 INFO Id процесса: 8
2022-09-23 18:22:26.9846 INFO Id процесса: 12
2022-09-23 18:22:26.9846 INFO Id процесса: 9
2022-09-23 18:22:26.9846 INFO Потоки завершили работу
2022-09-23 18:22:29.8827 INFO Program is started.
2022-09-23 18:22:31.0595 INFO Id процесса: 6
2022-09-23 18:22:31.0649 INFO Id процесса: 17
2022-09-23 18:22:31.0649 INFO Id процесса: 12
2022-09-23 18:22:31.0859 INFO Id процесса: 10
2022-09-23 18:22:31.0859 INFO Id процесса: 16
2022-09-23 18:22:31.0859 INFO Id процесса: 9
2022-09-23 18:22:31.0859 INFO Id процесса: 8
2022-09-23 18:22:31.0859 INFO Id процесса: 13
2022-09-23 18:22:31.0859 INFO Id процесса: 5
2022-09-23 18:22:31.0859 INFO Id процесса: 4
2022-09-23 18:22:31.0859 INFO Потоки завершили работу
2022-09-23 18:22:34.1709 INFO Program is started.
2022-09-23 18:22:35.4129 INFO Id процесса: 11
2022-09-23 18:22:35.4129 INFO Id процесса: 6
2022-09-23 18:22:35.4129 INFO Id процесса: 7
2022-09-23 18:22:35.4129 INFO Id процесса: 10
2022-09-23 18:22:35.4129 INFO Id процесса: 7
2022-09-23 18:22:35.4129 INFO Id процесса: 6
2022-09-23 18:22:35.4129 INFO Id процесса: 14
2022-09-23 18:22:35.4244 INFO Id процесса: 11
2022-09-23 18:22:35.4244 INFO Id процесса: 10
2022-09-23 18:22:35.4244 INFO Id процесса: 15
2022-09-23 18:22:35.4244 INFO Потоки завершили работу
2022-09-23 18:22:35.4244 INFO Id процесса: 16
2022-09-23 18:22:38.0003 INFO Program is started.
2022-09-23 18:22:38.6931 INFO Id процесса: 6
2022-09-23 18:22:38.6931 INFO Id процесса: 11
2022-09-23 18:22:38.6931 INFO Id процесса: 9
2022-09-23 18:22:38.6931 INFO Id процесса: 4
2022-09-23 18:22:38.6931 INFO Id процесса: 5
2022-09-23 18:22:38.6931 INFO Id процесса: 9
2022-09-23 18:22:38.6931 INFO Id процесса: 8
2022-09-23 18:22:38.6931 INFO Id процесса: 4
2022-09-23 18:22:38.7076 INFO Id процесса: 9
2022-09-23 18:22:38.7076 INFO Id процесса: 8
2022-09-23 18:22:38.7076 INFO Потоки завершили работу
2022-09-23 18:22:41.0864 INFO Program is started.
2022-09-23 18:22:41.9924 INFO Id процесса: 4
2022-09-23 18:22:41.9924 INFO Id процесса: 13
2022-09-23 18:22:42.0026 INFO Id процесса: 12
2022-09-23 18:22:42.0026 INFO Id процесса: 9
2022-09-23 18:22:42.0026 INFO Id процесса: 8
2022-09-23 18:22:42.0026 INFO Id процесса: 8
2022-09-23 18:22:42.0026 INFO Id процесса: 8
2022-09-23 18:22:42.0026 INFO Id процесса: 13
2022-09-23 18:22:42.0026 INFO Id процесса: 5
2022-09-23 18:22:42.0026 INFO Id процесса: 4
2022-09-23 18:22:42.0026 INFO Потоки завершили работу
2022-09-23 18:22:44.4629 INFO Program is started.
2022-09-23 18:22:45.4727 INFO Id процесса: 8
2022-09-23 18:22:45.4727 INFO Id процесса: 11
2022-09-23 18:22:45.4727 INFO Id процесса: 5
2022-09-23 18:22:45.4727 INFO Id процесса: 16
2022-09-23 18:22:45.4727 INFO Id процесса: 7
2022-09-23 18:22:45.4727 INFO Id процесса: 15
2022-09-23 18:22:45.4727 INFO Id процесса: 12
2022-09-23 18:22:45.4871 INFO Id процесса: 14
2022-09-23 18:22:45.4871 INFO Id процесса: 5
2022-09-23 18:22:45.4871 INFO Id процесса: 13
2022-09-23 18:22:45.4871 INFO Потоки завершили работу
2022-09-23 18:22:47.9098 INFO Program is started.
2022-09-23 18:22:48.8298 INFO Id процесса: 13
2022-09-23 18:22:48.8298 INFO Id процесса: 18
2022-09-23 18:22:48.8298 INFO Id процесса: 10
2022-09-23 18:22:48.8465 INFO Id процесса: 16
2022-09-23 18:22:48.8465 INFO Id процесса: 9
2022-09-23 18:22:48.8465 INFO Id процесса: 17
2022-09-23 18:22:48.8465 INFO Id процесса: 4
2022-09-23 18:22:48.8465 INFO Id процесса: 17
2022-09-23 18:22:48.8465 INFO Id процесса: 4
2022-09-23 18:22:48.8465 INFO Id процесса: 17
2022-09-23 18:22:48.8465 INFO Потоки завершили работу
