2022-10-07 23:08:15.6568 INFO Console app start
2022-10-07 23:08:15.6807 INFO Thread 6 waits for mutex
2022-10-07 23:08:15.6807 INFO Thread 7 waits for mutex
2022-10-07 23:08:15.6807 INFO Thread 6 gets mutex
2022-10-07 23:08:15.6807 INFO Thread 6: value of Count = 1
2022-10-07 23:08:15.6807 INFO Thread 7 gets mutex
2022-10-07 23:08:15.6807 INFO Thread 7: value of Count = 0
2022-10-07 23:08:15.6807 INFO Thread 6 released mutex
2022-10-07 23:08:15.6807 INFO Thread 7 released mutex
2022-10-07 23:08:15.6807 INFO Thread 6 waits for mutex
2022-10-07 23:08:15.6807 INFO Thread 7 waits for mutex
2022-10-07 23:08:15.6807 INFO Thread 6 gets mutex
2022-10-07 23:08:15.6807 INFO Thread 6: value of Count = 1
2022-10-07 23:08:15.6807 INFO Thread 6 released mutex
2022-10-07 23:08:15.6807 INFO Thread 7 gets mutex
2022-10-07 23:08:15.6807 INFO Thread 7: value of Count = 0
2022-10-07 23:08:15.6807 INFO Thread 7 released mutex
2022-10-07 23:08:15.6807 INFO Thread 7 waits for mutex
2022-10-07 23:08:15.6807 INFO Thread 7 gets mutex
2022-10-07 23:08:15.6807 INFO Thread 7: value of Count = -1
2022-10-07 23:08:15.6807 INFO Thread 7 released mutex
2022-10-07 23:08:15.6807 INFO Thread 7 waits for mutex
2022-10-07 23:08:15.6807 INFO Thread 7 gets mutex
2022-10-07 23:08:15.6807 INFO Thread 7: value of Count = -2
2022-10-07 23:08:15.6807 INFO Thread 7 released mutex
2022-10-07 23:08:15.6807 INFO Thread 6 waits for mutex
2022-10-07 23:08:15.6807 INFO Thread 7 waits for mutex
2022-10-07 23:08:15.6807 INFO Thread 6 gets mutex
2022-10-07 23:08:15.6807 INFO Thread 6: value of Count = -1
2022-10-07 23:08:15.6807 INFO Thread 7 gets mutex
2022-10-07 23:08:15.6807 INFO Thread 7: value of Count = -2
2022-10-07 23:08:15.6807 INFO Thread 6 released mutex
2022-10-07 23:08:15.6807 INFO Thread 6 waits for mutex
2022-10-07 23:08:15.6807 INFO Thread 6 gets mutex
2022-10-07 23:08:15.6807 INFO Thread 6: value of Count = -1
2022-10-07 23:08:15.6807 INFO Thread 6 released mutex
2022-10-07 23:08:15.6807 INFO Thread 6 waits for mutex
2022-10-07 23:08:15.6807 INFO Thread 6 gets mutex
2022-10-07 23:08:15.6807 INFO Thread 6: value of Count = 0
2022-10-07 23:08:15.6807 INFO Thread 6 released mutex
2022-10-07 23:08:15.6807 INFO Thread 7 released mutex
2022-10-07 23:08:38.7860 INFO Console app start
2022-10-07 23:08:38.8100 INFO Thread 4 waits for mutex
2022-10-07 23:08:38.8100 INFO Thread 5 waits for mutex
2022-10-07 23:08:38.8100 INFO Thread 4 gets mutex
2022-10-07 23:08:38.8100 INFO Thread 4: value of Count = 1
2022-10-07 23:08:38.8100 INFO Thread 4 released mutex
2022-10-07 23:08:38.8100 INFO Thread 4 waits for mutex
2022-10-07 23:08:38.8100 INFO Thread 5 gets mutex
2022-10-07 23:08:38.8100 INFO Thread 5: value of Count = 0
2022-10-07 23:08:38.8100 INFO Thread 5 released mutex
2022-10-07 23:08:38.8100 INFO Thread 5 waits for mutex
2022-10-07 23:08:38.8100 INFO Thread 4 gets mutex
2022-10-07 23:08:38.8100 INFO Thread 4: value of Count = 1
2022-10-07 23:08:38.8100 INFO Thread 4 released mutex
2022-10-07 23:08:38.8100 INFO Thread 4 waits for mutex
2022-10-07 23:08:38.8100 INFO Thread 5 gets mutex
2022-10-07 23:08:38.8100 INFO Thread 5: value of Count = 0
2022-10-07 23:08:38.8100 INFO Thread 5 released mutex
2022-10-07 23:08:38.8100 INFO Thread 5 waits for mutex
2022-10-07 23:08:38.8100 INFO Thread 4 gets mutex
2022-10-07 23:08:38.8100 INFO Thread 4: value of Count = 1
2022-10-07 23:08:38.8140 INFO Thread 4 released mutex
2022-10-07 23:08:38.8140 INFO Thread 4 waits for mutex
2022-10-07 23:08:38.8140 INFO Thread 5 gets mutex
2022-10-07 23:08:38.8140 INFO Thread 5: value of Count = 0
2022-10-07 23:08:38.8140 INFO Thread 5 released mutex
2022-10-07 23:08:38.8140 INFO Thread 4 gets mutex
2022-10-07 23:08:38.8140 INFO Thread 4: value of Count = 1
2022-10-07 23:08:38.8140 INFO Thread 4 released mutex
2022-10-07 23:08:38.8140 INFO Thread 4 waits for mutex
2022-10-07 23:08:38.8140 INFO Thread 4 gets mutex
2022-10-07 23:08:38.8140 INFO Thread 4: value of Count = 2
2022-10-07 23:08:38.8140 INFO Thread 4 released mutex
2022-10-07 23:08:38.8140 INFO Thread 5 waits for mutex
2022-10-07 23:08:38.8140 INFO Thread 5 gets mutex
2022-10-07 23:08:38.8140 INFO Thread 5: value of Count = 1
2022-10-07 23:08:38.8140 INFO Thread 5 released mutex
2022-10-07 23:08:38.8140 INFO Thread 5 waits for mutex
2022-10-07 23:08:38.8140 INFO Thread 5 gets mutex
2022-10-07 23:08:38.8140 INFO Thread 5: value of Count = 0
2022-10-07 23:08:38.8140 INFO Thread 5 released mutex
